A user with username marcelo1 has been created!
A user with username marcelo1 has been created!
A user with username euron has been created!
A user with username admin has been created!
User Exists : username : admin / password : admin
User Exists : username : admin / password : admin
User Exists : username : admin / password : admin
A user with username admin has been created!
User Created : username : admin / password : admin
A user with username admin has been created!
User Created : username : admin / password : admin
A user with username euron has been created!
A user with username euron has been created!
A user with username euron.metaliaj@gmail.com has been created!
A user with username euron1 has been created!
A user with username admin has been created!
User Created : username : admin / password : admin
A user with username euron has been created!
A user with username admin has been created!
User Created : username : admin / password : admin
A user with username euron has been created!
A user with username euron2 has been created!
A user with username admin has been created!
User Created : username : admin / password : admin
A user with username Euron has been created!
A group with name Kabineti Qeveritar exists!Cannot create new one!
A group with name Kabineti Qeveritar2 has been created!
A user with username euron has been created!
A group with name Keshilli Ministrave has been created!
A group with name Kabineti Qeveritar has been created!
A user with username klajdi has been created!
A user with username elitjon has been created!
A group with name Militantet has been created!
A user with username admin has been created!
User Created : username : admin / password : admin
A user with username admin has been created!
User Created : username : admin / password : admin
A group with name Kabineti Qeveritar has been created!
A group with name Ministrat has been created!
